2026-02-24 12:16:34 INFO  hooks.Hooks - Starting scenario: User adds Brocolli to cart and completes checkout on browser: chrome
2026-02-24 12:16:34 INFO  factory.DriverFactory - Launching browser: chrome
2026-02-24 12:16:53 INFO  factory.DriverFactory - Browser closed
2026-02-24 12:24:19 INFO  hooks.Hooks - Starting scenario: User adds Brocolli to cart and completes checkout on browser: chrome
2026-02-24 12:24:19 INFO  factory.DriverFactory - Launching browser: chrome
2026-02-24 12:24:22 INFO  factory.DriverFactory - Browser closed
2026-02-24 12:27:37 INFO  hooks.Hooks - Starting scenario: User adds Brocolli to cart and completes checkout on browser: chrome
2026-02-24 12:27:37 INFO  factory.DriverFactory - Launching browser: chrome
2026-02-24 12:27:40 INFO  factory.DriverFactory - Browser closed
2026-02-24 12:31:16 INFO  hooks.Hooks - Starting scenario: User adds Brocolli to cart and completes checkout on browser: chrome
2026-02-24 12:31:16 INFO  factory.DriverFactory - Launching browser: chrome
2026-02-24 12:31:19 INFO  factory.DriverFactory - Browser closed
2026-02-24 12:51:26 INFO  hooks.Hooks - Starting scenario: User adds Brocolli to cart and completes checkout on browser: chrome
2026-02-24 12:51:26 INFO  factory.DriverFactory - Launching browser: chrome
2026-02-24 12:51:34 INFO  factory.DriverFactory - Browser closed
2026-02-24 12:54:41 INFO  hooks.Hooks - Starting scenario: User adds Brocolli to cart and completes checkout on browser: edge
2026-02-24 12:54:41 INFO  factory.DriverFactory - Launching browser: edge
2026-02-24 13:11:01 INFO  hooks.Hooks - Starting scenario: User adds Brocolli to cart and completes checkout on browser: edge
2026-02-24 13:11:01 INFO  factory.DriverFactory - Launching browser: edge
2026-02-24 13:11:24 INFO  hooks.Hooks - Starting scenario: User adds Brocolli to cart and completes checkout on browser: edge
2026-02-24 13:11:24 INFO  factory.DriverFactory - Launching browser: edge
2026-02-24 13:12:03 INFO  hooks.Hooks - Starting scenario: User adds Brocolli to cart and completes checkout on browser: edge
2026-02-24 13:12:03 INFO  factory.DriverFactory - Launching browser: edge
2026-02-24 13:12:36 INFO  hooks.Hooks - Starting scenario: User adds Brocolli to cart and completes checkout on browser: chrome
2026-02-24 13:12:36 INFO  factory.DriverFactory - Launching browser: chrome
2026-02-24 13:12:44 INFO  factory.DriverFactory - Browser closed
2026-02-24 13:13:01 INFO  hooks.Hooks - Starting scenario: User adds Brocolli to cart and completes checkout on browser: chrome
2026-02-24 13:13:01 INFO  factory.DriverFactory - Launching browser: chrome
2026-02-24 13:13:28 INFO  hooks.Hooks - Starting scenario: User adds Brocolli to cart and completes checkout on browser: chrome
2026-02-24 13:13:28 INFO  factory.DriverFactory - Launching browser: chrome
2026-02-24 13:13:36 INFO  factory.DriverFactory - Browser closed
2026-02-24 14:22:28 INFO  hooks.Hooks - Starting scenario: User adds Brocolli to cart and completes checkout on browser: chrome
2026-02-24 14:22:28 INFO  factory.DriverFactory - Launching browser: chrome
2026-02-24 14:22:47 INFO  factory.DriverFactory - Browser closed
2026-02-24 14:22:47 INFO  hooks.Hooks - Starting scenario: User adds Brocolli to cart and completes checkout scenario outline on browser: chrome
2026-02-24 14:22:47 INFO  factory.DriverFactory - Launching browser: chrome
2026-02-24 14:22:53 INFO  factory.DriverFactory - Browser closed
2026-02-24 14:22:53 INFO  hooks.Hooks - Starting scenario: User adds Brocolli to cart and completes checkout scenario outline on browser: chrome
2026-02-24 14:22:53 INFO  factory.DriverFactory - Launching browser: chrome
2026-02-24 14:22:58 INFO  factory.DriverFactory - Browser closed
2026-02-24 14:28:40 INFO  hooks.Hooks - Starting scenario: User adds Brocolli to cart and completes checkout on browser: chrome
2026-02-24 14:28:40 INFO  factory.DriverFactory - Launching browser: chrome
2026-02-24 14:28:50 INFO  factory.DriverFactory - Browser closed
2026-02-24 14:28:50 INFO  hooks.Hooks - Starting scenario: User adds Brocolli to cart and completes checkout scenario outline on browser: chrome
2026-02-24 14:28:50 INFO  factory.DriverFactory - Launching browser: chrome
2026-02-24 14:28:56 INFO  factory.DriverFactory - Browser closed
2026-02-24 14:28:56 INFO  hooks.Hooks - Starting scenario: User adds Brocolli to cart and completes checkout scenario outline on browser: chrome
2026-02-24 14:28:56 INFO  factory.DriverFactory - Launching browser: chrome
2026-02-24 14:29:03 INFO  factory.DriverFactory - Browser closed
2026-02-24 14:30:18 INFO  hooks.Hooks - Starting scenario: User adds Brocolli to cart and completes checkout on browser: edge
2026-02-24 14:30:18 INFO  factory.DriverFactory - Launching browser: edge
2026-02-24 14:31:18 INFO  hooks.Hooks - Starting scenario: User adds Brocolli to cart and completes checkout on browser: firefox
2026-02-24 14:31:18 INFO  factory.DriverFactory - Launching browser: firefox
2026-02-24 14:31:39 INFO  factory.DriverFactory - Browser closed
