2026-02-01 15:55:41 INFO  factory.DriverFactory - Launching browser: edge
2026-02-01 16:38:19 INFO  hooks.Hooks - Starting scenario: Valid login with correct credentials on browser: edge
2026-02-01 16:38:19 INFO  factory.DriverFactory - Launching browser: edge
2026-02-01 16:39:05 INFO  hooks.Hooks - Starting scenario: Invalid login on browser: chrome
2026-02-01 16:39:05 INFO  factory.DriverFactory - Launching browser: chrome
2026-02-01 16:39:14 INFO  factory.DriverFactory - Browser closed
2026-02-01 16:44:52 INFO  hooks.Hooks - Starting scenario: Valid login with correct credentials on browser: edge
2026-02-01 16:44:52 INFO  factory.DriverFactory - Launching browser: edge
2026-02-01 16:44:54 INFO  hooks.Hooks - Starting scenario: Invalid login on browser: chrome
2026-02-01 16:44:54 INFO  factory.DriverFactory - Launching browser: chrome
2026-02-01 16:45:02 INFO  factory.DriverFactory - Browser closed
2026-02-01 17:11:55 INFO  hooks.Hooks - Starting scenario: Login on Chrome on browser: chrome
2026-02-01 17:11:55 INFO  factory.DriverFactory - Launching browser: chrome
2026-02-01 17:11:57 INFO  factory.DriverFactory - Browser closed
2026-02-01 17:11:58 INFO  hooks.Hooks - Starting scenario: Login on Edge on browser: edge
2026-02-01 17:11:58 INFO  factory.DriverFactory - Launching browser: edge
2026-02-01 17:11:59 INFO  hooks.Hooks - Starting scenario: Valid login with correct credentials on browser: edge
2026-02-01 17:11:59 INFO  factory.DriverFactory - Launching browser: edge
2026-02-01 17:11:59 INFO  hooks.Hooks - Starting scenario: Invalid login on browser: chrome
2026-02-01 17:11:59 INFO  factory.DriverFactory - Launching browser: chrome
2026-02-01 17:12:05 INFO  factory.DriverFactory - Browser closed
